<?xml version="1.0" encoding="UTF-8"?>
<!-- Generated by org.testng.reporters.JUnitXMLReporter -->
<testsuite hostname="FIR000161780004" ignored="0" name="Test" tests="6" failures="0" timestamp="26 Nov 2019 01:58:30 GMT" time="80.459" errors="0">
  <testcase name="enterSearchData" time="20.289" classname="com.mckinsey.pips_ui.SubmitBtn_Test"/>
  <testcase name="verifySubmitBtnEnable_Test" time="12.189" classname="com.mckinsey.pips_ui.SubmitBtn_Test"/>
  <testcase name="submitButtonDisable_Test" time="3.067" classname="com.mckinsey.pips_ui.SubmitBtn_Test"/>
  <testcase name="submitBtnEnableTickerSymbol_Test" time="18.189" classname="com.mckinsey.pips_ui.SubmitBtn_Test"/>
  <testcase name="submitBtnDisableTickerSymbol_Test" time="6.075" classname="com.mckinsey.pips_ui.SubmitBtn_Test"/>
  <testcase name="SubmitBtnDisableComments" time="11.867" classname="com.mckinsey.pips_ui.SubmitBtn_Test"/>
</testsuite> <!-- Test -->
