<?xml version="1.0" encoding="UTF-8"?>
<testng-results skipped="0" failed="0" ignored="0" total="6" passed="6">
  <reporter-output>
  </reporter-output>
  <suite name="Default suite" duration-ms="48765" started-at="2019-11-26T12:31:59Z" finished-at="2019-11-26T12:32:48Z">
    <groups>
    </groups>
    <test name="Default test" duration-ms="48765" started-at="2019-11-26T12:31:59Z" finished-at="2019-11-26T12:32:48Z">
      <class name="com.mckinsey.pips_ui.SubmitBtn_Test">
        <test-method status="PASS" signature="setUp()[pri:0, instance:com.mckinsey.pips_ui.SubmitBtn_Test@224edc67]" name="setUp" is-config="true" duration-ms="7758" started-at="2019-11-26T12:31:59Z" finished-at="2019-11-26T12:32:07Z">
          <reporter-output>
          </reporter-output>
        </test-method> <!-- setUp -->
        <test-method status="PASS" signature="enterSearchData()[pri:1, instance:com.mckinsey.pips_ui.SubmitBtn_Test@224edc67]" name="enterSearchData" duration-ms="291" started-at="2019-11-26T12:32:07Z" finished-at="2019-11-26T12:32:07Z">
          <reporter-output>
          </reporter-output>
        </test-method> <!-- enterSearchData -->
        <test-method status="PASS" signature="verifySubmitBtnEnable_Test()[pri:0, instance:com.mckinsey.pips_ui.SubmitBtn_Test@224edc67]" name="verifySubmitBtnEnable_Test" duration-ms="7251" started-at="2019-11-26T12:32:07Z" depends-on-methods="com.mckinsey.pips_ui.SubmitBtn_Test.enterSearchData" finished-at="2019-11-26T12:32:15Z">
          <reporter-output>
          </reporter-output>
        </test-method> <!-- verifySubmitBtnEnable_Test -->
        <test-method status="PASS" signature="submitButtonDisable_Test()[pri:3, instance:com.mckinsey.pips_ui.SubmitBtn_Test@224edc67]" name="submitButtonDisable_Test" duration-ms="3076" started-at="2019-11-26T12:32:15Z" finished-at="2019-11-26T12:32:18Z">
          <reporter-output>
          </reporter-output>
        </test-method> <!-- submitButtonDisable_Test -->
        <test-method status="PASS" signature="submitBtnEnableTickerSymbol_Test()[pri:4, instance:com.mckinsey.pips_ui.SubmitBtn_Test@224edc67]" name="submitBtnEnableTickerSymbol_Test" duration-ms="13142" started-at="2019-11-26T12:32:18Z" finished-at="2019-11-26T12:32:31Z">
          <reporter-output>
          </reporter-output>
        </test-method> <!-- submitBtnEnableTickerSymbol_Test -->
        <test-method status="PASS" signature="submitBtnDisableTickerSymbol_Test()[pri:5, instance:com.mckinsey.pips_ui.SubmitBtn_Test@224edc67]" name="submitBtnDisableTickerSymbol_Test" duration-ms="6053" started-at="2019-11-26T12:32:31Z" finished-at="2019-11-26T12:32:37Z">
          <reporter-output>
          </reporter-output>
        </test-method> <!-- submitBtnDisableTickerSymbol_Test -->
        <test-method status="PASS" signature="SubmitBtnDisableComments()[pri:6, instance:com.mckinsey.pips_ui.SubmitBtn_Test@224edc67]" name="SubmitBtnDisableComments" duration-ms="10126" started-at="2019-11-26T12:32:37Z" finished-at="2019-11-26T12:32:47Z">
          <reporter-output>
          </reporter-output>
        </test-method> <!-- SubmitBtnDisableComments -->
        <test-method status="PASS" signature="tearDown()[pri:0, instance:com.mckinsey.pips_ui.SubmitBtn_Test@224edc67]" name="tearDown" is-config="true" duration-ms="1032" started-at="2019-11-26T12:32:47Z" finished-at="2019-11-26T12:32:48Z">
          <reporter-output>
          </reporter-output>
        </test-method> <!-- tearDown -->
      </class> <!-- com.mckinsey.pips_ui.SubmitBtn_Test -->
    </test> <!-- Default test -->
  </suite> <!-- Default suite -->
</testng-results>
